# JRE version: OpenJDK Runtime Environment Zulu11.62+17-CA (11.0.18+10) (build 11.0.18+10-LTS)
# Java VM: OpenJDK 64-Bit Server VM Zulu11.62+17-CA (11.0.18+10-LTS, mixed mode, tiered, compressed oops, g1 gc, windows-amd64)
Heap:
 garbage-first heap   total 391168K, used 22250K [0x00000006c2800000, 0x0000000800000000)
  region size 1024K, 15 young (15360K), 15 survivors (15360K)
 Metaspace       used 58871K, capacity 60104K, committed 60160K, reserved 1101824K
  class space    used 7407K, capacity 7908K, committed 7936K, reserved 1048576K
GC Heap History (11 events):
Event: 0.635 GC heap before
{Heap before GC invocations=0 (full 0):
 garbage-first heap   total 325632K, used 24576K [0x00000006c2800000, 0x0000000800000000)
  region size 1024K, 24 young (24576K), 0 survivors (0K)
 Metaspace       used 12371K, capacity 12605K, committed 12928K, reserved 1060864K
  class space    used 1202K, capacity 1286K, committed 1408K, reserved 1048576K
}
Event: 0.638 GC heap after
{Heap after GC invocations=1 (full 0):
 garbage-first heap   total 325632K, used 7428K [0x00000006c2800000, 0x0000000800000000)
  region size 1024K, 3 young (3072K), 3 survivors (3072K)
 Metaspace       used 12371K, capacity 12605K, committed 12928K, reserved 1060864K
  class space    used 1202K, capacity 1286K, committed 1408K, reserved 1048576K
}
Event: 1.168 GC heap before
{Heap before GC invocations=1 (full 0):
 garbage-first heap   total 325632K, used 47364K [0x00000006c2800000, 0x0000000800000000)
  region size 1024K, 43 young (44032K), 3 survivors (3072K)
 Metaspace       used 20639K, capacity 21120K, committed 21248K, reserved 1069056K
  class space    used 2257K, capacity 2447K, committed 2560K, reserved 1048576K
}
Event: 1.174 GC heap after
{Heap after GC invocations=2 (full 0):
 garbage-first heap   total 325632K, used 9609K [0x00000006c2800000, 0x0000000800000000)
  region size 1024K, 6 young (6144K), 6 survivors (6144K)
 Metaspace       used 20639K, capacity 21120K, committed 21248K, reserved 1069056K
  class space    used 2257K, capacity 2447K, committed 2560K, reserved 1048576K
}
Event: 1.513 GC heap before
{Heap before GC invocations=3 (full 0):
 garbage-first heap   total 325632K, used 49545K [0x00000006c2800000, 0x0000000800000000)
  region size 1024K, 46 young (47104K), 6 survivors (6144K)
 Metaspace       used 25864K, capacity 26545K, committed 26752K, reserved 1073152K
  class space    used 2939K, capacity 3187K, committed 3200K, reserved 1048576K
}
Event: 1.517 GC heap after
{Heap after GC invocations=4 (full 0):
 garbage-first heap   total 325632K, used 11198K [0x00000006c2800000, 0x0000000800000000)
  region size 1024K, 4 young (4096K), 4 survivors (4096K)
 Metaspace       used 25864K, capacity 26545K, committed 26752K, reserved 1073152K
  class space    used 2939K, capacity 3187K, committed 3200K, reserved 1048576K
}
Event: 2.114 GC heap before
{Heap before GC invocations=4 (full 0):
 garbage-first heap   total 325632K, used 74686K [0x00000006c2800000, 0x0000000800000000)
  region size 1024K, 67 young (68608K), 4 survivors (4096K)
 Metaspace       used 30734K, capacity 31447K, committed 31488K, reserved 1077248K
  class space    used 3516K, capacity 3800K, committed 3840K, reserved 1048576K
}
Event: 2.119 GC heap after
{Heap after GC invocations=5 (full 0):
 garbage-first heap   total 325632K, used 13758K [0x00000006c2800000, 0x0000000800000000)
  region size 1024K, 7 young (7168K), 7 survivors (7168K)
 Metaspace       used 30734K, capacity 31447K, committed 31488K, reserved 1077248K
  class space    used 3516K, capacity 3800K, committed 3840K, reserved 1048576K
}
Event: 2.670 GC heap before
{Heap before GC invocations=5 (full 0):
 garbage-first heap   total 325632K, used 53694K [0x00000006c2800000, 0x0000000800000000)
  region size 1024K, 47 young (48128K), 7 survivors (7168K)
 Metaspace       used 34927K, capacity 35709K, committed 35840K, reserved 1081344K
  class space    used 4051K, capacity 4359K, committed 4480K, reserved 1048576K
}
Event: 2.677 GC heap after
{Heap after GC invocations=6 (full 0):
 garbage-first heap   total 325632K, used 14739K [0x00000006c2800000, 0x0000000800000000)
  region size 1024K, 8 young (8192K), 8 survivors (8192K)
 Metaspace       used 34927K, capacity 35709K, committed 35840K, reserved 1081344K
  class space    used 4051K, capacity 4359K, committed 4480K, reserved 1048576K
}
Event: 5.248 GC heap before
{Heap before GC invocations=7 (full 0):
 garbage-first heap   total 325632K, used 150931K [0x00000006c2800000, 0x0000000800000000)
  region size 1024K, 142 young (145408K), 8 survivors (8192K)
 Metaspace       used 58871K, capacity 60104K, committed 60160K, reserved 1101824K
  class space    used 7407K, capacity 7908K, committed 7936K, reserved 1048576K
}

